<?xml version="1.0" encoding="UTF-8"?>
<!-- Generated by org.testng.reporters.JUnitReportReporter -->
<testsuite ignored="0" hostname="projedata-3057" failures="0" tests="1" name="automationpractice.com.GrazielleSilva.SignTests" time="8.781" errors="0" timestamp="30 set 2019 14:17:52 GMT" skipped="0">
  <testcase classname="automationpractice.com.GrazielleSilva.SignTests" name="testSignError" time="8.781"/>
</testsuite> <!-- automationpractice.com.GrazielleSilva.SignTests -->
