<?xml version="1.0" encoding="UTF-8"?>
<!-- Generated by org.testng.reporters.JUnitReportReporter -->
<testsuite ignored="0" hostname="projedata-3057" failures="0" tests="1" name="automationpractice.com.GrazielleSilva.CartTest" time="10.887" errors="0" timestamp="30 set 2019 15:13:25 GMT" skipped="0">
  <testcase classname="automationpractice.com.GrazielleSilva.CartTest" name="testSign" time="10.887"/>
</testsuite> <!-- automationpractice.com.GrazielleSilva.CartTest -->
